<?xml version="1.0" encoding="UTF-8"?>
<!-- Generated by org.testng.reporters.JUnitReportReporter -->
<testsuite skipped="0" hostname="NBSP03436L-TP" name="PostPackage.postclass" tests="6" failures="0" timestamp="31 May 2021 14:24:26 GMT" time="1.723" errors="0">
  <testcase name="jsonBody" time="0.046" classname="PostPackage.postclass"/>
  <testcase name="jsonBody" time="0.054" classname="PostPackage.postclass"/>
  <testcase name="jsonBody" time="0.045" classname="PostPackage.postclass"/>
  <testcase name="jsonBody" time="0.025" classname="PostPackage.postclass"/>
  <testcase name="jsonBody" time="0.055" classname="PostPackage.postclass"/>
  <testcase name="jsonBody" time="1.498" classname="PostPackage.postclass"/>
</testsuite> <!-- PostPackage.postclass -->
