<?xml version="1.0" encoding="UTF-8"?>
<!-- Generated by org.testng.reporters.JUnitReportReporter -->
<testsuite skipped="0" hostname="NBSP03436L-TP" name="soaprequest" tests="1" failures="0" timestamp="31 May 2021 14:22:22 GMT" time="2.002" errors="0">
  <testcase name="soap" time="2.002" classname="soaprequest"/>
</testsuite> <!-- soaprequest -->
